<?xml version="1.0" encoding="UTF-8"?>
<testsuite xmlns:xsi="http://www.w3.org/2001/XMLSchema-instance" xsi:noNamespaceSchemaLocation="https://maven.apache.org/surefire/maven-surefire-plugin/xsd/surefire-test-report-3.0.xsd" version="3.0" name="com.springboot.SpringBootExampleApplicationTests" time="0.393" tests="1" errors="0" skipped="0" failures="0">
  <properties>
    <property name="java.specification.version" value="24"/>
    <property name="sun.jnu.encoding" value="UTF-8"/>
    <property name="java.class.path" value="/Users/carlosandresgarciagarcia/Documents/claudecode/codigojava/TestJava8/microservice/spring-boot-example/target/test-classes:/Users/carlosandresgarciagarcia/Documents/claudecode/codigojava/TestJava8/microservice/spring-boot-example/target/classes:/Users/carlosandresgarciagarcia/.m2/repository/org/springframework/boot/spring-boot-starter-web/3.2.11/spring-boot-starter-web-3.2.11.jar:/Users/carlosandresgarciagarcia/.m2/repository/org/springframework/boot/spring-boot-starter/3.2.11/spring-boot-starter-3.2.11.jar:/Users/carlosandresgarciagarcia/.m2/repository/org/springframework/boot/spring-boot/3.2.11/spring-boot-3.2.11.jar:/Users/carlosandresgarciagarcia/.m2/repository/org/springframework/boot/spring-boot-autoconfigure/3.2.11/spring-boot-autoconfigure-3.2.11.jar:/Users/carlosandresgarciagarcia/.m2/repository/org/springframework/boot/spring-boot-starter-logging/3.2.11/spring-boot-starter-logging-3.2.11.jar:/Users/carlosandresgarciagarcia/.m2/repository/ch/qos/logback/logback-classic/1.4.14/logback-classic-1.4.14.jar:/Users/carlosandresgarciagarcia/.m2/repository/ch/qos/logback/logback-core/1.4.14/logback-core-1.4.14.jar:/Users/carlosandresgarciagarcia/.m2/repository/org/apache/logging/log4j/log4j-to-slf4j/2.21.1/log4j-to-slf4j-2.21.1.jar:/Users/carlosandresgarciagarcia/.m2/repository/org/apache/logging/log4j/log4j-api/2.21.1/log4j-api-2.21.1.jar:/Users/carlosandresgarciagarcia/.m2/repository/org/slf4j/jul-to-slf4j/2.0.16/jul-to-slf4j-2.0.16.jar:/Users/carlosandresgarciagarcia/.m2/repository/jakarta/annotation/jakarta.annotation-api/2.1.1/jakarta.annotation-api-2.1.1.jar:/Users/carlosandresgarciagarcia/.m2/repository/org/yaml/snakeyaml/2.2/snakeyaml-2.2.jar:/Users/carlosandresgarciagarcia/.m2/repository/org/springframework/boot/spring-boot-starter-json/3.2.11/spring-boot-starter-json-3.2.11.jar:/Users/carlosandresgarciagarcia/.m2/repository/com/fasterxml/jackson/datatype/jackson-datatype-jdk8/2.15.4/jackson-datatype-jdk8-2.15.4.jar:/Users/carlosandresgarciagarcia/.m2/repository/com/fasterxml/jackson/datatype/jackson-datatype-jsr310/2.15.4/jackson-datatype-jsr310-2.15.4.jar:/Users/carlosandresgarciagarcia/.m2/repository/com/fasterxml/jackson/module/jackson-module-parameter-names/2.15.4/jackson-module-parameter-names-2.15.4.jar:/Users/carlosandresgarciagarcia/.m2/repository/org/springframework/boot/spring-boot-starter-tomcat/3.2.11/spring-boot-starter-tomcat-3.2.11.jar:/Users/carlosandresgarciagarcia/.m2/repository/org/apache/tomcat/embed/tomcat-embed-core/10.1.31/tomcat-embed-core-10.1.31.jar:/Users/carlosandresgarciagarcia/.m2/repository/org/apache/tomcat/embed/tomcat-embed-websocket/10.1.31/tomcat-embed-websocket-10.1.31.jar:/Users/carlosandresgarciagarcia/.m2/repository/org/springframework/spring-web/6.1.14/spring-web-6.1.14.jar:/Users/carlosandresgarciagarcia/.m2/repository/org/springframework/spring-beans/6.1.14/spring-beans-6.1.14.jar:/Users/carlosandresgarciagarcia/.m2/repository/org/springframework/spring-webmvc/6.1.14/spring-webmvc-6.1.14.jar:/Users/carlosandresgarciagarcia/.m2/repository/org/springframework/spring-context/6.1.14/spring-context-6.1.14.jar:/Users/carlosandresgarciagarcia/.m2/repository/org/springframework/spring-expression/6.1.14/spring-expression-6.1.14.jar:/Users/carlosandresgarciagarcia/.m2/repository/org/springframework/boot/spring-boot-starter-test/3.2.11/spring-boot-starter-test-3.2.11.jar:/Users/carlosandresgarciagarcia/.m2/repository/org/springframework/boot/spring-boot-test/3.2.11/spring-boot-test-3.2.11.jar:/Users/carlosandresgarciagarcia/.m2/repository/org/springframework/boot/spring-boot-test-autoconfigure/3.2.11/spring-boot-test-autoconfigure-3.2.11.jar:/Users/carlosandresgarciagarcia/.m2/repository/com/jayway/jsonpath/json-path/2.9.0/json-path-2.9.0.jar:/Users/carlosandresgarciagarcia/.m2/repository/org/slf4j/slf4j-api/2.0.16/slf4j-api-2.0.16.jar:/Users/carlosandresgarciagarcia/.m2/repository/jakarta/xml/bind/jakarta.xml.bind-api/4.0.2/jakarta.xml.bind-api-4.0.2.jar:/Users/carlosandresgarciagarcia/.m2/repository/jakarta/activation/jakarta.activation-api/2.1.3/jakarta.activation-api-2.1.3.jar:/Users/carlosandresgarciagarcia/.m2/repository/net/minidev/json-smart/2.5.1/json-smart-2.5.1.jar:/Users/carlosandresgarciagarcia/.m2/repository/net/minidev/accessors-smart/2.5.1/accessors-smart-2.5.1.jar:/Users/carlosandresgarciagarcia/.m2/repository/org/ow2/asm/asm/9.6/asm-9.6.jar:/Users/carlosandresgarciagarcia/.m2/repository/org/assertj/assertj-core/3.24.2/assertj-core-3.24.2.jar:/Users/carlosandresgarciagarcia/.m2/repository/net/bytebuddy/byte-buddy/1.14.19/byte-buddy-1.14.19.jar:/Users/carlosandresgarciagarcia/.m2/repository/org/awaitility/awaitility/4.2.2/awaitility-4.2.2.jar:/Users/carlosandresgarciagarcia/.m2/repository/org/hamcrest/hamcrest/2.2/hamcrest-2.2.jar:/Users/carlosandresgarciagarcia/.m2/repository/org/junit/jupiter/junit-jupiter/5.10.5/junit-jupiter-5.10.5.jar:/Users/carlosandresgarciagarcia/.m2/repository/org/junit/jupiter/junit-jupiter-api/5.10.5/junit-jupiter-api-5.10.5.jar:/Users/carlosandresgarciagarcia/.m2/repository/org/opentest4j/opentest4j/1.3.0/opentest4j-1.3.0.jar:/Users/carlosandresgarciagarcia/.m2/repository/org/junit/platform/junit-platform-commons/1.10.5/junit-platform-commons-1.10.5.jar:/Users/carlosandresgarciagarcia/.m2/repository/org/apiguardian/apiguardian-api/1.1.2/apiguardian-api-1.1.2.jar:/Users/carlosandresgarciagarcia/.m2/repository/org/junit/jupiter/junit-jupiter-params/5.10.5/junit-jupiter-params-5.10.5.jar:/Users/carlosandresgarciagarcia/.m2/repository/org/junit/jupiter/junit-jupiter-engine/5.10.5/junit-jupiter-engine-5.10.5.jar:/Users/carlosandresgarciagarcia/.m2/repository/org/junit/platform/junit-platform-engine/1.10.5/junit-platform-engine-1.10.5.jar:/Users/carlosandresgarciagarcia/.m2/repository/org/mockito/mockito-core/5.7.0/mockito-core-5.7.0.jar:/Users/carlosandresgarciagarcia/.m2/repository/net/bytebuddy/byte-buddy-agent/1.14.19/byte-buddy-agent-1.14.19.jar:/Users/carlosandresgarciagarcia/.m2/repository/org/objenesis/objenesis/3.3/objenesis-3.3.jar:/Users/carlosandresgarciagarcia/.m2/repository/org/mockito/mockito-junit-jupiter/5.7.0/mockito-junit-jupiter-5.7.0.jar:/Users/carlosandresgarciagarcia/.m2/repository/org/skyscreamer/jsonassert/1.5.3/jsonassert-1.5.3.jar:/Users/carlosandresgarciagarcia/.m2/repository/com/vaadin/external/google/android-json/0.0.20131108.vaadin1/android-json-0.0.20131108.vaadin1.jar:/Users/carlosandresgarciagarcia/.m2/repository/org/springframework/spring-core/6.1.14/spring-core-6.1.14.jar:/Users/carlosandresgarciagarcia/.m2/repository/org/springframework/spring-jcl/6.1.14/spring-jcl-6.1.14.jar:/Users/carlosandresgarciagarcia/.m2/repository/org/springframework/spring-test/6.1.14/spring-test-6.1.14.jar:/Users/carlosandresgarciagarcia/.m2/repository/org/xmlunit/xmlunit-core/2.9.1/xmlunit-core-2.9.1.jar:/Users/carlosandresgarciagarcia/.m2/repository/org/springframework/boot/spring-boot-starter-validation/3.2.11/spring-boot-starter-validation-3.2.11.jar:/Users/carlosandresgarciagarcia/.m2/repository/org/apache/tomcat/embed/tomcat-embed-el/10.1.31/tomcat-embed-el-10.1.31.jar:/Users/carlosandresgarciagarcia/.m2/repository/org/hibernate/validator/hibernate-validator/8.0.1.Final/hibernate-validator-8.0.1.Final.jar:/Users/carlosandresgarciagarcia/.m2/repository/jakarta/validation/jakarta.validation-api/3.0.2/jakarta.validation-api-3.0.2.jar:/Users/carlosandresgarciagarcia/.m2/repository/org/jboss/logging/jboss-logging/3.5.3.Final/jboss-logging-3.5.3.Final.jar:/Users/carlosandresgarciagarcia/.m2/repository/com/fasterxml/classmate/1.6.0/classmate-1.6.0.jar:/Users/carlosandresgarciagarcia/.m2/repository/org/springframework/boot/spring-boot-starter-security/3.2.11/spring-boot-starter-security-3.2.11.jar:/Users/carlosandresgarciagarcia/.m2/repository/org/springframework/spring-aop/6.1.14/spring-aop-6.1.14.jar:/Users/carlosandresgarciagarcia/.m2/repository/org/springframework/security/spring-security-config/6.2.7/spring-security-config-6.2.7.jar:/Users/carlosandresgarciagarcia/.m2/repository/org/springframework/security/spring-security-core/6.2.7/spring-security-core-6.2.7.jar:/Users/carlosandresgarciagarcia/.m2/repository/org/springframework/security/spring-security-crypto/6.2.7/spring-security-crypto-6.2.7.jar:/Users/carlosandresgarciagarcia/.m2/repository/org/springframework/security/spring-security-web/6.2.7/spring-security-web-6.2.7.jar:/Users/carlosandresgarciagarcia/.m2/repository/com/google/guava/guava/33.3.1-jre/guava-33.3.1-jre.jar:/Users/carlosandresgarciagarcia/.m2/repository/com/google/guava/failureaccess/1.0.2/failureaccess-1.0.2.jar:/Users/carlosandresgarciagarcia/.m2/repository/com/google/guava/listenablefuture/9999.0-empty-to-avoid-conflict-with-guava/listenablefuture-9999.0-empty-to-avoid-conflict-with-guava.jar:/Users/carlosandresgarciagarcia/.m2/repository/com/google/code/findbugs/jsr305/3.0.2/jsr305-3.0.2.jar:/Users/carlosandresgarciagarcia/.m2/repository/org/checkerframework/checker-qual/3.43.0/checker-qual-3.43.0.jar:/Users/carlosandresgarciagarcia/.m2/repository/com/google/errorprone/error_prone_annotations/2.28.0/error_prone_annotations-2.28.0.jar:/Users/carlosandresgarciagarcia/.m2/repository/com/google/j2objc/j2objc-annotations/3.0.0/j2objc-annotations-3.0.0.jar:/Users/carlosandresgarciagarcia/.m2/repository/org/springframework/boot/spring-boot-starter-cache/3.2.11/spring-boot-starter-cache-3.2.11.jar:/Users/carlosandresgarciagarcia/.m2/repository/org/springframework/spring-context-support/6.1.14/spring-context-support-6.1.14.jar:/Users/carlosandresgarciagarcia/.m2/repository/com/github/ben-manes/caffeine/caffeine/3.1.8/caffeine-3.1.8.jar:/Users/carlosandresgarciagarcia/.m2/repository/org/springframework/boot/spring-boot-starter-actuator/3.2.11/spring-boot-starter-actuator-3.2.11.jar:/Users/carlosandresgarciagarcia/.m2/repository/org/springframework/boot/spring-boot-actuator-autoconfigure/3.2.11/spring-boot-actuator-autoconfigure-3.2.11.jar:/Users/carlosandresgarciagarcia/.m2/repository/org/springframework/boot/spring-boot-actuator/3.2.11/spring-boot-actuator-3.2.11.jar:/Users/carlosandresgarciagarcia/.m2/repository/io/micrometer/micrometer-observation/1.12.11/micrometer-observation-1.12.11.jar:/Users/carlosandresgarciagarcia/.m2/repository/io/micrometer/micrometer-commons/1.12.11/micrometer-commons-1.12.11.jar:/Users/carlosandresgarciagarcia/.m2/repository/io/micrometer/micrometer-jakarta9/1.12.11/micrometer-jakarta9-1.12.11.jar:/Users/carlosandresgarciagarcia/.m2/repository/io/micrometer/micrometer-registry-prometheus/1.12.11/micrometer-registry-prometheus-1.12.11.jar:/Users/carlosandresgarciagarcia/.m2/repository/io/micrometer/micrometer-core/1.12.11/micrometer-core-1.12.11.jar:/Users/carlosandresgarciagarcia/.m2/repository/org/hdrhistogram/HdrHistogram/2.1.12/HdrHistogram-2.1.12.jar:/Users/carlosandresgarciagarcia/.m2/repository/org/latencyutils/LatencyUtils/2.0.3/LatencyUtils-2.0.3.jar:/Users/carlosandresgarciagarcia/.m2/repository/io/prometheus/simpleclient_common/0.16.0/simpleclient_common-0.16.0.jar:/Users/carlosandresgarciagarcia/.m2/repository/io/prometheus/simpleclient/0.16.0/simpleclient-0.16.0.jar:/Users/carlosandresgarciagarcia/.m2/repository/io/prometheus/simpleclient_tracer_otel/0.16.0/simpleclient_tracer_otel-0.16.0.jar:/Users/carlosandresgarciagarcia/.m2/repository/io/prometheus/simpleclient_tracer_common/0.16.0/simpleclient_tracer_common-0.16.0.jar:/Users/carlosandresgarciagarcia/.m2/repository/io/prometheus/simpleclient_tracer_otel_agent/0.16.0/simpleclient_tracer_otel_agent-0.16.0.jar:/Users/carlosandresgarciagarcia/.m2/repository/org/springdoc/springdoc-openapi-starter-webmvc-ui/2.2.0/springdoc-openapi-starter-webmvc-ui-2.2.0.jar:/Users/carlosandresgarciagarcia/.m2/repository/org/springdoc/springdoc-openapi-starter-webmvc-api/2.2.0/springdoc-openapi-starter-webmvc-api-2.2.0.jar:/Users/carlosandresgarciagarcia/.m2/repository/org/springdoc/springdoc-openapi-starter-common/2.2.0/springdoc-openapi-starter-common-2.2.0.jar:/Users/carlosandresgarciagarcia/.m2/repository/io/swagger/core/v3/swagger-core-jakarta/2.2.15/swagger-core-jakarta-2.2.15.jar:/Users/carlosandresgarciagarcia/.m2/repository/org/apache/commons/commons-lang3/3.13.0/commons-lang3-3.13.0.jar:/Users/carlosandresgarciagarcia/.m2/repository/io/swagger/core/v3/swagger-annotations-jakarta/2.2.15/swagger-annotations-jakarta-2.2.15.jar:/Users/carlosandresgarciagarcia/.m2/repository/io/swagger/core/v3/swagger-models-jakarta/2.2.15/swagger-models-jakarta-2.2.15.jar:/Users/carlosandresgarciagarcia/.m2/repository/com/fasterxml/jackson/dataformat/jackson-dataformat-yaml/2.15.4/jackson-dataformat-yaml-2.15.4.jar:/Users/carlosandresgarciagarcia/.m2/repository/org/webjars/swagger-ui/5.2.0/swagger-ui-5.2.0.jar:/Users/carlosandresgarciagarcia/.m2/repository/net/logstash/logback/logstash-logback-encoder/7.4/logstash-logback-encoder-7.4.jar:/Users/carlosandresgarciagarcia/.m2/repository/com/fasterxml/jackson/core/jackson-databind/2.15.4/jackson-databind-2.15.4.jar:/Users/carlosandresgarciagarcia/.m2/repository/com/fasterxml/jackson/core/jackson-annotations/2.15.4/jackson-annotations-2.15.4.jar:/Users/carlosandresgarciagarcia/.m2/repository/com/fasterxml/jackson/core/jackson-core/2.15.4/jackson-core-2.15.4.jar:"/>
    <property name="java.vm.vendor" value="Homebrew"/>
    <property name="net.bytebuddy.experimental" value="true"/>
    <property name="sun.arch.data.model" value="64"/>
    <property name="catalina.useNaming" value="false"/>
    <property name="java.vendor.url" value="https://github.com/Homebrew/homebrew-core/issues"/>
    <property name="user.timezone" value="America/Bogota"/>
    <property name="org.jboss.logging.provider" value="slf4j"/>
    <property name="os.name" value="Mac OS X"/>
    <property name="java.vm.specification.version" value="24"/>
    <property name="sun.java.launcher" value="SUN_STANDARD"/>
    <property name="user.country" value="CO"/>
    <property name="sun.boot.library.path" value="/opt/homebrew/Cellar/openjdk/24.0.1/libexec/openjdk.jdk/Contents/Home/lib"/>
    <property name="sun.java.command" value="/Users/carlosandresgarciagarcia/Documents/claudecode/codigojava/TestJava8/microservice/spring-boot-example/target/surefire/surefirebooter-20250629164412938_3.jar /Users/carlosandresgarciagarcia/Documents/claudecode/codigojava/TestJava8/microservice/spring-boot-example/target/surefire 2025-06-29T16-44-12_884-jvmRun1 surefire-20250629164412938_1tmp surefire_0-20250629164412938_2tmp"/>
    <property name="http.nonProxyHosts" value="local|*.local|169.254/16|*.169.254/16"/>
    <property name="jdk.debug" value="release"/>
    <property name="surefire.test.class.path" value="/Users/carlosandresgarciagarcia/Documents/claudecode/codigojava/TestJava8/microservice/spring-boot-example/target/test-classes:/Users/carlosandresgarciagarcia/Documents/claudecode/codigojava/TestJava8/microservice/spring-boot-example/target/classes:/Users/carlosandresgarciagarcia/.m2/repository/org/springframework/boot/spring-boot-starter-web/3.2.11/spring-boot-starter-web-3.2.11.jar:/Users/carlosandresgarciagarcia/.m2/repository/org/springframework/boot/spring-boot-starter/3.2.11/spring-boot-starter-3.2.11.jar:/Users/carlosandresgarciagarcia/.m2/repository/org/springframework/boot/spring-boot/3.2.11/spring-boot-3.2.11.jar:/Users/carlosandresgarciagarcia/.m2/repository/org/springframework/boot/spring-boot-autoconfigure/3.2.11/spring-boot-autoconfigure-3.2.11.jar:/Users/carlosandresgarciagarcia/.m2/repository/org/springframework/boot/spring-boot-starter-logging/3.2.11/spring-boot-starter-logging-3.2.11.jar:/Users/carlosandresgarciagarcia/.m2/repository/ch/qos/logback/logback-classic/1.4.14/logback-classic-1.4.14.jar:/Users/carlosandresgarciagarcia/.m2/repository/ch/qos/logback/logback-core/1.4.14/logback-core-1.4.14.jar:/Users/carlosandresgarciagarcia/.m2/repository/org/apache/logging/log4j/log4j-to-slf4j/2.21.1/log4j-to-slf4j-2.21.1.jar:/Users/carlosandresgarciagarcia/.m2/repository/org/apache/logging/log4j/log4j-api/2.21.1/log4j-api-2.21.1.jar:/Users/carlosandresgarciagarcia/.m2/repository/org/slf4j/jul-to-slf4j/2.0.16/jul-to-slf4j-2.0.16.jar:/Users/carlosandresgarciagarcia/.m2/repository/jakarta/annotation/jakarta.annotation-api/2.1.1/jakarta.annotation-api-2.1.1.jar:/Users/carlosandresgarciagarcia/.m2/repository/org/yaml/snakeyaml/2.2/snakeyaml-2.2.jar:/Users/carlosandresgarciagarcia/.m2/repository/org/springframework/boot/spring-boot-starter-json/3.2.11/spring-boot-starter-json-3.2.11.jar:/Users/carlosandresgarciagarcia/.m2/repository/com/fasterxml/jackson/datatype/jackson-datatype-jdk8/2.15.4/jackson-datatype-jdk8-2.15.4.jar:/Users/carlosandresgarciagarcia/.m2/repository/com/fasterxml/jackson/datatype/jackson-datatype-jsr310/2.15.4/jackson-datatype-jsr310-2.15.4.jar:/Users/carlosandresgarciagarcia/.m2/repository/com/fasterxml/jackson/module/jackson-module-parameter-names/2.15.4/jackson-module-parameter-names-2.15.4.jar:/Users/carlosandresgarciagarcia/.m2/repository/org/springframework/boot/spring-boot-starter-tomcat/3.2.11/spring-boot-starter-tomcat-3.2.11.jar:/Users/carlosandresgarciagarcia/.m2/repository/org/apache/tomcat/embed/tomcat-embed-core/10.1.31/tomcat-embed-core-10.1.31.jar:/Users/carlosandresgarciagarcia/.m2/repository/org/apache/tomcat/embed/tomcat-embed-websocket/10.1.31/tomcat-embed-websocket-10.1.31.jar:/Users/carlosandresgarciagarcia/.m2/repository/org/springframework/spring-web/6.1.14/spring-web-6.1.14.jar:/Users/carlosandresgarciagarcia/.m2/repository/org/springframework/spring-beans/6.1.14/spring-beans-6.1.14.jar:/Users/carlosandresgarciagarcia/.m2/repository/org/springframework/spring-webmvc/6.1.14/spring-webmvc-6.1.14.jar:/Users/carlosandresgarciagarcia/.m2/repository/org/springframework/spring-context/6.1.14/spring-context-6.1.14.jar:/Users/carlosandresgarciagarcia/.m2/repository/org/springframework/spring-expression/6.1.14/spring-expression-6.1.14.jar:/Users/carlosandresgarciagarcia/.m2/repository/org/springframework/boot/spring-boot-starter-test/3.2.11/spring-boot-starter-test-3.2.11.jar:/Users/carlosandresgarciagarcia/.m2/repository/org/springframework/boot/spring-boot-test/3.2.11/spring-boot-test-3.2.11.jar:/Users/carlosandresgarciagarcia/.m2/repository/org/springframework/boot/spring-boot-test-autoconfigure/3.2.11/spring-boot-test-autoconfigure-3.2.11.jar:/Users/carlosandresgarciagarcia/.m2/repository/com/jayway/jsonpath/json-path/2.9.0/json-path-2.9.0.jar:/Users/carlosandresgarciagarcia/.m2/repository/org/slf4j/slf4j-api/2.0.16/slf4j-api-2.0.16.jar:/Users/carlosandresgarciagarcia/.m2/repository/jakarta/xml/bind/jakarta.xml.bind-api/4.0.2/jakarta.xml.bind-api-4.0.2.jar:/Users/carlosandresgarciagarcia/.m2/repository/jakarta/activation/jakarta.activation-api/2.1.3/jakarta.activation-api-2.1.3.jar:/Users/carlosandresgarciagarcia/.m2/repository/net/minidev/json-smart/2.5.1/json-smart-2.5.1.jar:/Users/carlosandresgarciagarcia/.m2/repository/net/minidev/accessors-smart/2.5.1/accessors-smart-2.5.1.jar:/Users/carlosandresgarciagarcia/.m2/repository/org/ow2/asm/asm/9.6/asm-9.6.jar:/Users/carlosandresgarciagarcia/.m2/repository/org/assertj/assertj-core/3.24.2/assertj-core-3.24.2.jar:/Users/carlosandresgarciagarcia/.m2/repository/net/bytebuddy/byte-buddy/1.14.19/byte-buddy-1.14.19.jar:/Users/carlosandresgarciagarcia/.m2/repository/org/awaitility/awaitility/4.2.2/awaitility-4.2.2.jar:/Users/carlosandresgarciagarcia/.m2/repository/org/hamcrest/hamcrest/2.2/hamcrest-2.2.jar:/Users/carlosandresgarciagarcia/.m2/repository/org/junit/jupiter/junit-jupiter/5.10.5/junit-jupiter-5.10.5.jar:/Users/carlosandresgarciagarcia/.m2/repository/org/junit/jupiter/junit-jupiter-api/5.10.5/junit-jupiter-api-5.10.5.jar:/Users/carlosandresgarciagarcia/.m2/repository/org/opentest4j/opentest4j/1.3.0/opentest4j-1.3.0.jar:/Users/carlosandresgarciagarcia/.m2/repository/org/junit/platform/junit-platform-commons/1.10.5/junit-platform-commons-1.10.5.jar:/Users/carlosandresgarciagarcia/.m2/repository/org/apiguardian/apiguardian-api/1.1.2/apiguardian-api-1.1.2.jar:/Users/carlosandresgarciagarcia/.m2/repository/org/junit/jupiter/junit-jupiter-params/5.10.5/junit-jupiter-params-5.10.5.jar:/Users/carlosandresgarciagarcia/.m2/repository/org/junit/jupiter/junit-jupiter-engine/5.10.5/junit-jupiter-engine-5.10.5.jar:/Users/carlosandresgarciagarcia/.m2/repository/org/junit/platform/junit-platform-engine/1.10.5/junit-platform-engine-1.10.5.jar:/Users/carlosandresgarciagarcia/.m2/repository/org/mockito/mockito-core/5.7.0/mockito-core-5.7.0.jar:/Users/carlosandresgarciagarcia/.m2/repository/net/bytebuddy/byte-buddy-agent/1.14.19/byte-buddy-agent-1.14.19.jar:/Users/carlosandresgarciagarcia/.m2/repository/org/objenesis/objenesis/3.3/objenesis-3.3.jar:/Users/carlosandresgarciagarcia/.m2/repository/org/mockito/mockito-junit-jupiter/5.7.0/mockito-junit-jupiter-5.7.0.jar:/Users/carlosandresgarciagarcia/.m2/repository/org/skyscreamer/jsonassert/1.5.3/jsonassert-1.5.3.jar:/Users/carlosandresgarciagarcia/.m2/repository/com/vaadin/external/google/android-json/0.0.20131108.vaadin1/android-json-0.0.20131108.vaadin1.jar:/Users/carlosandresgarciagarcia/.m2/repository/org/springframework/spring-core/6.1.14/spring-core-6.1.14.jar:/Users/carlosandresgarciagarcia/.m2/repository/org/springframework/spring-jcl/6.1.14/spring-jcl-6.1.14.jar:/Users/carlosandresgarciagarcia/.m2/repository/org/springframework/spring-test/6.1.14/spring-test-6.1.14.jar:/Users/carlosandresgarciagarcia/.m2/repository/org/xmlunit/xmlunit-core/2.9.1/xmlunit-core-2.9.1.jar:/Users/carlosandresgarciagarcia/.m2/repository/org/springframework/boot/spring-boot-starter-validation/3.2.11/spring-boot-starter-validation-3.2.11.jar:/Users/carlosandresgarciagarcia/.m2/repository/org/apache/tomcat/embed/tomcat-embed-el/10.1.31/tomcat-embed-el-10.1.31.jar:/Users/carlosandresgarciagarcia/.m2/repository/org/hibernate/validator/hibernate-validator/8.0.1.Final/hibernate-validator-8.0.1.Final.jar:/Users/carlosandresgarciagarcia/.m2/repository/jakarta/validation/jakarta.validation-api/3.0.2/jakarta.validation-api-3.0.2.jar:/Users/carlosandresgarciagarcia/.m2/repository/org/jboss/logging/jboss-logging/3.5.3.Final/jboss-logging-3.5.3.Final.jar:/Users/carlosandresgarciagarcia/.m2/repository/com/fasterxml/classmate/1.6.0/classmate-1.6.0.jar:/Users/carlosandresgarciagarcia/.m2/repository/org/springframework/boot/spring-boot-starter-security/3.2.11/spring-boot-starter-security-3.2.11.jar:/Users/carlosandresgarciagarcia/.m2/repository/org/springframework/spring-aop/6.1.14/spring-aop-6.1.14.jar:/Users/carlosandresgarciagarcia/.m2/repository/org/springframework/security/spring-security-config/6.2.7/spring-security-config-6.2.7.jar:/Users/carlosandresgarciagarcia/.m2/repository/org/springframework/security/spring-security-core/6.2.7/spring-security-core-6.2.7.jar:/Users/carlosandresgarciagarcia/.m2/repository/org/springframework/security/spring-security-crypto/6.2.7/spring-security-crypto-6.2.7.jar:/Users/carlosandresgarciagarcia/.m2/repository/org/springframework/security/spring-security-web/6.2.7/spring-security-web-6.2.7.jar:/Users/carlosandresgarciagarcia/.m2/repository/com/google/guava/guava/33.3.1-jre/guava-33.3.1-jre.jar:/Users/carlosandresgarciagarcia/.m2/repository/com/google/guava/failureaccess/1.0.2/failureaccess-1.0.2.jar:/Users/carlosandresgarciagarcia/.m2/repository/com/google/guava/listenablefuture/9999.0-empty-to-avoid-conflict-with-guava/listenablefuture-9999.0-empty-to-avoid-conflict-with-guava.jar:/Users/carlosandresgarciagarcia/.m2/repository/com/google/code/findbugs/jsr305/3.0.2/jsr305-3.0.2.jar:/Users/carlosandresgarciagarcia/.m2/repository/org/checkerframework/checker-qual/3.43.0/checker-qual-3.43.0.jar:/Users/carlosandresgarciagarcia/.m2/repository/com/google/errorprone/error_prone_annotations/2.28.0/error_prone_annotations-2.28.0.jar:/Users/carlosandresgarciagarcia/.m2/repository/com/google/j2objc/j2objc-annotations/3.0.0/j2objc-annotations-3.0.0.jar:/Users/carlosandresgarciagarcia/.m2/repository/org/springframework/boot/spring-boot-starter-cache/3.2.11/spring-boot-starter-cache-3.2.11.jar:/Users/carlosandresgarciagarcia/.m2/repository/org/springframework/spring-context-support/6.1.14/spring-context-support-6.1.14.jar:/Users/carlosandresgarciagarcia/.m2/repository/com/github/ben-manes/caffeine/caffeine/3.1.8/caffeine-3.1.8.jar:/Users/carlosandresgarciagarcia/.m2/repository/org/springframework/boot/spring-boot-starter-actuator/3.2.11/spring-boot-starter-actuator-3.2.11.jar:/Users/carlosandresgarciagarcia/.m2/repository/org/springframework/boot/spring-boot-actuator-autoconfigure/3.2.11/spring-boot-actuator-autoconfigure-3.2.11.jar:/Users/carlosandresgarciagarcia/.m2/repository/org/springframework/boot/spring-boot-actuator/3.2.11/spring-boot-actuator-3.2.11.jar:/Users/carlosandresgarciagarcia/.m2/repository/io/micrometer/micrometer-observation/1.12.11/micrometer-observation-1.12.11.jar:/Users/carlosandresgarciagarcia/.m2/repository/io/micrometer/micrometer-commons/1.12.11/micrometer-commons-1.12.11.jar:/Users/carlosandresgarciagarcia/.m2/repository/io/micrometer/micrometer-jakarta9/1.12.11/micrometer-jakarta9-1.12.11.jar:/Users/carlosandresgarciagarcia/.m2/repository/io/micrometer/micrometer-registry-prometheus/1.12.11/micrometer-registry-prometheus-1.12.11.jar:/Users/carlosandresgarciagarcia/.m2/repository/io/micrometer/micrometer-core/1.12.11/micrometer-core-1.12.11.jar:/Users/carlosandresgarciagarcia/.m2/repository/org/hdrhistogram/HdrHistogram/2.1.12/HdrHistogram-2.1.12.jar:/Users/carlosandresgarciagarcia/.m2/repository/org/latencyutils/LatencyUtils/2.0.3/LatencyUtils-2.0.3.jar:/Users/carlosandresgarciagarcia/.m2/repository/io/prometheus/simpleclient_common/0.16.0/simpleclient_common-0.16.0.jar:/Users/carlosandresgarciagarcia/.m2/repository/io/prometheus/simpleclient/0.16.0/simpleclient-0.16.0.jar:/Users/carlosandresgarciagarcia/.m2/repository/io/prometheus/simpleclient_tracer_otel/0.16.0/simpleclient_tracer_otel-0.16.0.jar:/Users/carlosandresgarciagarcia/.m2/repository/io/prometheus/simpleclient_tracer_common/0.16.0/simpleclient_tracer_common-0.16.0.jar:/Users/carlosandresgarciagarcia/.m2/repository/io/prometheus/simpleclient_tracer_otel_agent/0.16.0/simpleclient_tracer_otel_agent-0.16.0.jar:/Users/carlosandresgarciagarcia/.m2/repository/org/springdoc/springdoc-openapi-starter-webmvc-ui/2.2.0/springdoc-openapi-starter-webmvc-ui-2.2.0.jar:/Users/carlosandresgarciagarcia/.m2/repository/org/springdoc/springdoc-openapi-starter-webmvc-api/2.2.0/springdoc-openapi-starter-webmvc-api-2.2.0.jar:/Users/carlosandresgarciagarcia/.m2/repository/org/springdoc/springdoc-openapi-starter-common/2.2.0/springdoc-openapi-starter-common-2.2.0.jar:/Users/carlosandresgarciagarcia/.m2/repository/io/swagger/core/v3/swagger-core-jakarta/2.2.15/swagger-core-jakarta-2.2.15.jar:/Users/carlosandresgarciagarcia/.m2/repository/org/apache/commons/commons-lang3/3.13.0/commons-lang3-3.13.0.jar:/Users/carlosandresgarciagarcia/.m2/repository/io/swagger/core/v3/swagger-annotations-jakarta/2.2.15/swagger-annotations-jakarta-2.2.15.jar:/Users/carlosandresgarciagarcia/.m2/repository/io/swagger/core/v3/swagger-models-jakarta/2.2.15/swagger-models-jakarta-2.2.15.jar:/Users/carlosandresgarciagarcia/.m2/repository/com/fasterxml/jackson/dataformat/jackson-dataformat-yaml/2.15.4/jackson-dataformat-yaml-2.15.4.jar:/Users/carlosandresgarciagarcia/.m2/repository/org/webjars/swagger-ui/5.2.0/swagger-ui-5.2.0.jar:/Users/carlosandresgarciagarcia/.m2/repository/net/logstash/logback/logstash-logback-encoder/7.4/logstash-logback-encoder-7.4.jar:/Users/carlosandresgarciagarcia/.m2/repository/com/fasterxml/jackson/core/jackson-databind/2.15.4/jackson-databind-2.15.4.jar:/Users/carlosandresgarciagarcia/.m2/repository/com/fasterxml/jackson/core/jackson-annotations/2.15.4/jackson-annotations-2.15.4.jar:/Users/carlosandresgarciagarcia/.m2/repository/com/fasterxml/jackson/core/jackson-core/2.15.4/jackson-core-2.15.4.jar:"/>
    <property name="sun.cpu.endian" value="little"/>
    <property name="user.home" value="/Users/carlosandresgarciagarcia"/>
    <property name="user.language" value="en"/>
    <property name="java.specification.vendor" value="Oracle Corporation"/>
    <property name="java.version.date" value="2025-04-15"/>
    <property name="java.home" value="/opt/homebrew/Cellar/openjdk/24.0.1/libexec/openjdk.jdk/Contents/Home"/>
    <property name="file.separator" value="/"/>
    <property name="basedir" value="/Users/carlosandresgarciagarcia/Documents/claudecode/codigojava/TestJava8/microservice/spring-boot-example"/>
    <property name="java.vm.compressedOopsMode" value="Zero based"/>
    <property name="line.separator" value="&#10;"/>
    <property name="java.vm.specification.vendor" value="Oracle Corporation"/>
    <property name="java.specification.name" value="Java Platform API Specification"/>
    <property name="FILE_LOG_CHARSET" value="UTF-8"/>
    <property name="java.awt.headless" value="true"/>
    <property name="apple.awt.application.name" value="ForkedBooter"/>
    <property name="surefire.real.class.path" value="/Users/carlosandresgarciagarcia/Documents/claudecode/codigojava/TestJava8/microservice/spring-boot-example/target/surefire/surefirebooter-20250629164412938_3.jar"/>
    <property name="sun.management.compiler" value="HotSpot 64-Bit Tiered Compilers"/>
    <property name="ftp.nonProxyHosts" value="local|*.local|169.254/16|*.169.254/16"/>
    <property name="java.runtime.version" value="24.0.1"/>
    <property name="user.name" value="carlosandresgarciagarcia"/>
    <property name="stdout.encoding" value="UTF-8"/>
    <property name="path.separator" value=":"/>
    <property name="os.version" value="15.5"/>
    <property name="java.runtime.name" value="OpenJDK Runtime Environment"/>
    <property name="file.encoding" value="UTF-8"/>
    <property name="FILE_LOG_PATTERN" value="%d{yyyy-MM-dd HH:mm:ss} [%thread] %-5level %logger{36} - %msg%n"/>
    <property name="java.vm.name" value="OpenJDK 64-Bit Server VM"/>
    <property name="java.vendor.version" value="Homebrew"/>
    <property name="localRepository" value="/Users/carlosandresgarciagarcia/.m2/repository"/>
    <property name="java.vendor.url.bug" value="https://github.com/Homebrew/homebrew-core/issues"/>
    <property name="java.io.tmpdir" value="/var/folders/x_/j10961kn3fqb3vz558d9wwb40000gn/T/"/>
    <property name="catalina.home" value="/private/var/folders/x_/j10961kn3fqb3vz558d9wwb40000gn/T/tomcat.0.11806116309473721467"/>
    <property name="java.version" value="24.0.1"/>
    <property name="user.dir" value="/Users/carlosandresgarciagarcia/Documents/claudecode/codigojava/TestJava8/microservice/spring-boot-example"/>
    <property name="os.arch" value="aarch64"/>
    <property name="java.vm.specification.name" value="Java Virtual Machine Specification"/>
    <property name="PID" value="22683"/>
    <property name="CONSOLE_LOG_CHARSET" value="UTF-8"/>
    <property name="catalina.base" value="/private/var/folders/x_/j10961kn3fqb3vz558d9wwb40000gn/T/tomcat.0.11806116309473721467"/>
    <property name="native.encoding" value="UTF-8"/>
    <property name="java.library.path" value="/Users/carlosandresgarciagarcia/Library/Java/Extensions:/Library/Java/Extensions:/Network/Library/Java/Extensions:/System/Library/Java/Extensions:/usr/lib/java:."/>
    <property name="java.vm.info" value="mixed mode, sharing"/>
    <property name="stderr.encoding" value="UTF-8"/>
    <property name="java.vendor" value="Homebrew"/>
    <property name="java.vm.version" value="24.0.1"/>
    <property name="sun.io.unicode.encoding" value="UnicodeBig"/>
    <property name="socksNonProxyHosts" value="local|*.local|169.254/16|*.169.254/16"/>
    <property name="java.class.version" value="68.0"/>
    <property name="CONSOLE_LOG_PATTERN" value="%d{yyyy-MM-dd HH:mm:ss} - %msg%n"/>
    <property name="LOGGED_APPLICATION_NAME" value="[greeting-microservice] "/>
  </properties>
  <testcase name="contextLoads" classname="com.springboot.SpringBootExampleApplicationTests" time="0.001">
    <system-out><![CDATA[2025-06-29 16:44:17.491 [main] INFO  o.s.t.c.s.AnnotationConfigContextLoaderUtils - Could not detect default configuration classes for test class [com.springboot.SpringBootExampleApplicationTests]: SpringBootExampleApplicationTests does not declare any static, non-private, non-final, nested classes annotated with @Configuration.
2025-06-29 16:44:17.494 [main] INFO  o.s.b.t.c.SpringBootTestContextBootstrapper - Found @SpringBootConfiguration com.springboot.SpringBootExampleApplication for test class com.springboot.SpringBootExampleApplicationTests

  .   ____          _            __ _ _
 /\\ / ___'_ __ _ _(_)_ __  __ _ \ \ \ \
( ( )\___ | '_ | '_| | '_ \/ _` | \ \ \ \
 \\/  ___)| |_)| | | | | || (_| |  ) ) ) )
  '  |____| .__|_| |_|_| |_\__, | / / / /
 =========|_|==============|___/=/_/_/_/
 :: Spring Boot ::               (v3.2.11)

2025-06-29 16:44:17.837 [main] INFO  o.s.b.a.e.web.EndpointLinksResolver - Exposing 4 endpoint(s) beneath base path '/actuator'
2025-06-29 16:44:17.845 [main] INFO  o.s.s.web.DefaultSecurityFilterChain - Will secure any request with [org.springframework.security.web.session.DisableEncodeUrlFilter@67d6bb59, org.springframework.security.web.context.request.async.WebAsyncManagerIntegrationFilter@1a632663, org.springframework.security.web.context.SecurityContextHolderFilter@4ec28534, org.springframework.security.web.header.HeaderWriterFilter@6dae5562, org.springframework.web.filter.CorsFilter@1147ab09, org.springframework.security.web.authentication.logout.LogoutFilter@7e38d2a2, org.springframework.security.web.authentication.www.BasicAuthenticationFilter@5fc3dfc1, org.springframework.security.web.savedrequest.RequestCacheAwareFilter@921dbcf, org.springframework.security.web.servletapi.SecurityContextHolderAwareRequestFilter@163b8acc, org.springframework.security.web.authentication.AnonymousAuthenticationFilter@503b5337, org.springframework.security.web.session.SessionManagementFilter@1cc5d8a9, org.springframework.security.web.access.ExceptionTranslationFilter@10bae3c0, org.springframework.security.web.access.intercept.AuthorizationFilter@33671907]
]]></system-out>
  </testcase>
</testsuite>